Copyright 1986-2018 Xilinx, Inc. All Rights Reserved.
---------------------------------------------------------------------------------------
| Tool Version : Vivado v.2018.2 (win64) Build 2258646 Thu Jun 14 20:03:12 MDT 2018
| Date         : Mon Dec  9 15:24:37 2019
| Host         : LAPTOP-9CDK2BBH running 64-bit major release  (build 9200)
| Command      : report_clock_utilization -file top_level_clock_utilization_routed.rpt
| Design       : top_level
| Device       : 7a100t-csg324
| Speed File   : -3  PRODUCTION 1.22 2018-03-21
---------------------------------------------------------------------------------------

Clock Utilization Report

Table of Contents
-----------------
1. Clock Primitive Utilization
2. Global Clock Resources
3. Global Clock Source Details
4. Clock Regions: Key Resource Utilization
5. Clock Regions : Global Clock Summary
6. Device Cell Placement Summary for Global Clock g0
7. Device Cell Placement Summary for Global Clock g1
8. Device Cell Placement Summary for Global Clock g2
9. Device Cell Placement Summary for Global Clock g3
10. Clock Region Cell Placement per Global Clock: Region X0Y0
11. Clock Region Cell Placement per Global Clock: Region X1Y0
12. Clock Region Cell Placement per Global Clock: Region X0Y1
13. Clock Region Cell Placement per Global Clock: Region X1Y1
14. Clock Region Cell Placement per Global Clock: Region X0Y2
15. Clock Region Cell Placement per Global Clock: Region X1Y2

1. Clock Primitive Utilization
------------------------------

+----------+------+-----------+-----+--------------+--------+
| Type     | Used | Available | LOC | Clock Region | Pblock |
+----------+------+-----------+-----+--------------+--------+
| BUFGCTRL |    4 |        32 |   0 |            0 |      0 |
| BUFH     |    0 |        96 |   0 |            0 |      0 |
| BUFIO    |    0 |        24 |   0 |            0 |      0 |
| BUFMR    |    0 |        12 |   0 |            0 |      0 |
| BUFR     |    0 |        24 |   0 |            0 |      0 |
| MMCM     |    1 |         6 |   0 |            0 |      0 |
| PLL      |    0 |         6 |   0 |            0 |      0 |
+----------+------+-----------+-----+--------------+--------+


2. Global Clock Resources
-------------------------

+-----------+-----------+-----------------+------------+----------------+--------------+-------------------+-------------+-----------------+--------------+----------+-------------------------------+----------------------------------------+
| Global Id | Source Id | Driver Type/Pin | Constraint | Site           | Clock Region | Load Clock Region | Clock Loads | Non-Clock Loads | Clock Period | Clock    | Driver Pin                    | Net                                    |
+-----------+-----------+-----------------+------------+----------------+--------------+-------------------+-------------+-----------------+--------------+----------+-------------------------------+----------------------------------------+
| g0        | src0      | BUFG/O          | None       | BUFGCTRL_X0Y16 | n/a          |                 6 |        7338 |               2 |       40.000 | Multiple | clkdivider/inst/clkout1_buf/O | clkdivider/inst/clk_out1               |
| g1        | src1      | BUFG/O          | None       | BUFGCTRL_X0Y0  | n/a          |                 5 |          84 |               0 |              |          | pclk_in_BUFG_inst/O           | pclk_in_BUFG                           |
| g2        | src2      | BUFG/O          | None       | BUFGCTRL_X0Y1  | n/a          |                 2 |          34 |               0 |              |          | n_0_10281_BUFG_inst/O         | n_0_10281_BUFG                         |
| g3        | src0      | BUFG/O          | None       | BUFGCTRL_X0Y17 | n/a          |                 1 |           1 |               0 |       10.000 | Multiple | clkdivider/inst/clkf_buf/O    | clkdivider/inst/clkfbout_buf_clk_wiz_0 |
+-----------+-----------+-----------------+------------+----------------+--------------+-------------------+-------------+-----------------+--------------+----------+-------------------------------+----------------------------------------+
* Clock Loads column represents the clock pin loads (pin count)
** Non-Clock Loads column represents the non-clock pin loads (pin count)


3. Global Clock Source Details
------------------------------

+-----------+-----------+---------------------+------------+-----------------+--------------+-------------+-----------------+---------------------+--------------+----------------------------------------+------------------------------------+
| Source Id | Global Id | Driver Type/Pin     | Constraint | Site            | Clock Region | Clock Loads | Non-Clock Loads | Source Clock Period | Source Clock | Driver Pin                             | Net                                |
+-----------+-----------+---------------------+------------+-----------------+--------------+-------------+-----------------+---------------------+--------------+----------------------------------------+------------------------------------+
| src0      | g0        | MMCME2_ADV/CLKOUT0  | None       | MMCME2_ADV_X1Y2 | X1Y2         |           1 |               0 |              40.000 | Multiple     | clkdivider/inst/mmcm_adv_inst/CLKOUT0  | clkdivider/inst/clk_out1_clk_wiz_0 |
| src0      | g3        | MMCME2_ADV/CLKFBOUT | None       | MMCME2_ADV_X1Y2 | X1Y2         |           1 |               0 |              10.000 | Multiple     | clkdivider/inst/mmcm_adv_inst/CLKFBOUT | clkdivider/inst/clkfbout_clk_wiz_0 |
| src1      | g1        | FDRE/Q              | None       | SLICE_X52Y96    | X1Y1         |           1 |               0 |                     |              | pclk_in_reg/Q                          | pclk_in                            |
| src2      | g2        | LUT3/O              | None       | SLICE_X52Y96    | X1Y1         |           1 |               0 |                     |              | n_0_10281_BUFG_inst_i_1/O              | n_0_10281_BUFG_inst_n_1            |
+-----------+-----------+---------------------+------------+-----------------+--------------+-------------+-----------------+---------------------+--------------+----------------------------------------+------------------------------------+
* Clock Loads column represents the clock pin loads (pin count)
** Non-Clock Loads column represents the non-clock pin loads (pin count)


4. Clock Regions: Key Resource Utilization
------------------------------------------

+-------------------+--------------+--------------+--------------+--------------+--------------+--------------+--------------+--------------+--------------+--------------+--------------+--------------+--------------+--------------+--------------+
|                   | Global Clock |     BUFRs    |    BUFMRs    |    BUFIOs    |     MMCM     |      PLL     |      GT      |      PCI     |    ILOGIC    |    OLOGIC    |      FF      |     LUTM     |    RAMB18    |    RAMB36    |    DSP48E2   |
+-------------------+------+-------+------+-------+------+-------+------+-------+------+-------+------+-------+------+-------+------+-------+------+-------+------+-------+------+-------+------+-------+------+-------+------+-------+------+-------+
| Clock Region Name | Used | Avail | Used | Avail | Used | Avail | Used | Avail | Used | Avail | Used | Avail | Used | Avail | Used | Avail | Used | Avail | Used | Avail | Used | Avail | Used | Avail | Used | Avail | Used | Avail | Used | Avail |
+-------------------+------+-------+------+-------+------+-------+------+-------+------+-------+------+-------+------+-------+------+-------+------+-------+------+-------+------+-------+------+-------+------+-------+------+-------+------+-------+
| X0Y0              |    2 |    12 |    0 |     4 |    0 |     2 |    0 |     4 |    0 |     1 |    0 |     1 |    0 |     0 |    0 |     0 |    0 |    50 |    0 |    50 | 1117 |  2600 |  296 |   600 |    0 |    20 |    2 |    10 |    8 |    20 |
| X1Y0              |    2 |    12 |    0 |     0 |    0 |     0 |    0 |     0 |    0 |     0 |    0 |     0 |    0 |     4 |    0 |     0 |    0 |     0 |    0 |     0 |  462 |  1500 |  181 |   550 |    0 |    40 |    1 |    20 |    9 |    40 |
| X0Y1              |    2 |    12 |    0 |     4 |    0 |     2 |    0 |     4 |    0 |     1 |    0 |     1 |    0 |     0 |    0 |     0 |    0 |    50 |    0 |    50 | 2567 |  2000 |  847 |   600 |    0 |    20 |   10 |    10 |    2 |    20 |
| X1Y1              |    3 |    12 |    0 |     4 |    0 |     2 |    0 |     4 |    0 |     1 |    0 |     1 |    0 |     0 |    0 |     0 |    0 |    50 |    0 |    50 | 1668 |  1900 |  681 |   650 |    1 |    60 |   18 |    30 |    0 |    40 |
| X0Y2              |    2 |    12 |    0 |     4 |    0 |     2 |    0 |     4 |    0 |     1 |    0 |     1 |    0 |     0 |    0 |     0 |    0 |    50 |    0 |    50 |  806 |  2000 |  190 |   600 |    0 |    20 |    1 |    10 |    0 |    20 |
| X1Y2              |    3 |    12 |    0 |     4 |    0 |     2 |    0 |     4 |    1 |     1 |    0 |     1 |    0 |     0 |    0 |     0 |    0 |    50 |    0 |    50 |  290 |  1900 |  110 |   650 |    1 |    60 |    9 |    30 |    0 |    40 |
| X0Y3              |    0 |    12 |    0 |     4 |    0 |     2 |    0 |     4 |    0 |     1 |    0 |     1 |    0 |     0 |    0 |     0 |    0 |    50 |    0 |    50 |    0 |  2600 |    0 |   600 |    0 |    20 |    0 |    10 |    0 |    20 |
| X1Y3              |    0 |    12 |    0 |     0 |    0 |     0 |    0 |     0 |    0 |     0 |    0 |     0 |    0 |     4 |    0 |     1 |    0 |     0 |    0 |     0 |    0 |  1350 |    0 |   500 |    0 |    30 |    0 |    15 |    0 |    40 |
+-------------------+------+-------+------+-------+------+-------+------+-------+------+-------+------+-------+------+-------+------+-------+------+-------+------+-------+------+-------+------+-------+------+-------+------+-------+------+-------+
* Global Clock column represents track count; while other columns represents cell counts


5. Clock Regions : Global Clock Summary
---------------------------------------

All Modules
+----+----+----+
|    | X0 | X1 |
+----+----+----+
| Y3 |  0 |  0 |
| Y2 |  2 |  3 |
| Y1 |  2 |  3 |
| Y0 |  2 |  2 |
+----+----+----+


6. Device Cell Placement Summary for Global Clock g0
----------------------------------------------------

+-----------+-----------------+-------------------+----------+-------------+----------------+-------------+----------+----------------+----------+--------------------------+
| Global Id | Driver Type/Pin | Driver Region (D) | Clock    | Period (ns) | Waveform (ns)  | Slice Loads | IO Loads | Clocking Loads | GT Loads | Net                      |
+-----------+-----------------+-------------------+----------+-------------+----------------+-------------+----------+----------------+----------+--------------------------+
| g0        | BUFG/O          | n/a               | Multiple |      40.000 | {0.000 20.000} |        7318 |        2 |              0 |        0 | clkdivider/inst/clk_out1 |
+-----------+-----------------+-------------------+----------+-------------+----------------+-------------+----------+----------------+----------+--------------------------+
* Logic Loads column represents load cell count of all cell types other than IO, GT and clock resources
** IO Loads column represents load cell count of IO types
*** Clocking Loads column represents load cell count that are clock resources (global clock buffer, MMCM, PLL, etc)
**** GT Loads column represents load cell count of GT types


+----+-------+-------+
|    | X0    | X1    |
+----+-------+-------+
| Y3 |     0 |     0 |
| Y2 |   808 |   302 |
| Y1 |  2710 |  1900 |
| Y0 |  1127 |   473 |
+----+-------+-------+


7. Device Cell Placement Summary for Global Clock g1
----------------------------------------------------

+-----------+-----------------+-------------------+-------+-------------+---------------+-------------+----------+----------------+----------+--------------+
| Global Id | Driver Type/Pin | Driver Region (D) | Clock | Period (ns) | Waveform (ns) | Slice Loads | IO Loads | Clocking Loads | GT Loads | Net          |
+-----------+-----------------+-------------------+-------+-------------+---------------+-------------+----------+----------------+----------+--------------+
| g1        | BUFG/O          | n/a               |       |             |               |          84 |        0 |              0 |        0 | pclk_in_BUFG |
+-----------+-----------------+-------------------+-------+-------------+---------------+-------------+----------+----------------+----------+--------------+
* Logic Loads column represents load cell count of all cell types other than IO, GT and clock resources
** IO Loads column represents load cell count of IO types
*** Clocking Loads column represents load cell count that are clock resources (global clock buffer, MMCM, PLL, etc)
**** GT Loads column represents load cell count of GT types


+----+-----+-----+
|    | X0  | X1  |
+----+-----+-----+
| Y3 |   0 |   0 |
| Y2 |   1 |   0 |
| Y1 |  66 |  14 |
| Y0 |   2 |   1 |
+----+-----+-----+


8. Device Cell Placement Summary for Global Clock g2
----------------------------------------------------

+-----------+-----------------+-------------------+-------+-------------+---------------+-------------+----------+----------------+----------+----------------+
| Global Id | Driver Type/Pin | Driver Region (D) | Clock | Period (ns) | Waveform (ns) | Slice Loads | IO Loads | Clocking Loads | GT Loads | Net            |
+-----------+-----------------+-------------------+-------+-------------+---------------+-------------+----------+----------------+----------+----------------+
| g2        | BUFG/O          | n/a               |       |             |               |          34 |        0 |              0 |        0 | n_0_10281_BUFG |
+-----------+-----------------+-------------------+-------+-------------+---------------+-------------+----------+----------------+----------+----------------+
* Logic Loads column represents load cell count of all cell types other than IO, GT and clock resources
** IO Loads column represents load cell count of IO types
*** Clocking Loads column represents load cell count that are clock resources (global clock buffer, MMCM, PLL, etc)
**** GT Loads column represents load cell count of GT types


+----+----+-----+
|    | X0 | X1  |
+----+----+-----+
| Y3 |  0 |   0 |
| Y2 |  0 |   7 |
| Y1 |  0 |  27 |
| Y0 |  0 |   0 |
+----+----+-----+


9. Device Cell Placement Summary for Global Clock g3
----------------------------------------------------

+-----------+-----------------+-------------------+----------+-------------+---------------+-------------+----------+----------------+----------+----------------------------------------+
| Global Id | Driver Type/Pin | Driver Region (D) | Clock    | Period (ns) | Waveform (ns) | Slice Loads | IO Loads | Clocking Loads | GT Loads | Net                                    |
+-----------+-----------------+-------------------+----------+-------------+---------------+-------------+----------+----------------+----------+----------------------------------------+
| g3        | BUFG/O          | n/a               | Multiple |      10.000 | {0.000 5.000} |           0 |        0 |              1 |        0 | clkdivider/inst/clkfbout_buf_clk_wiz_0 |
+-----------+-----------------+-------------------+----------+-------------+---------------+-------------+----------+----------------+----------+----------------------------------------+
* Logic Loads column represents load cell count of all cell types other than IO, GT and clock resources
** IO Loads column represents load cell count of IO types
*** Clocking Loads column represents load cell count that are clock resources (global clock buffer, MMCM, PLL, etc)
**** GT Loads column represents load cell count of GT types


+----+----+----+
|    | X0 | X1 |
+----+----+----+
| Y3 |  0 |  0 |
| Y2 |  0 |  1 |
| Y1 |  0 |  0 |
| Y0 |  0 |  0 |
+----+----+----+


10. Clock Region Cell Placement per Global Clock: Region X0Y0
-------------------------------------------------------------

+-----------+-------+-----------------+------------+-------------+-----------------+------+--------+------+-----+----+------+-----+---------+--------------------------+
| Global Id | Track | Driver Type/Pin | Constraint | Clock Loads | Non-Clock Loads | FF   | LUTRAM | RAMB | DSP | GT | MMCM | PLL | Hard IP | Net                      |
+-----------+-------+-----------------+------------+-------------+-----------------+------+--------+------+-----+----+------+-----+---------+--------------------------+
| g0        | n/a   | BUFG/O          | None       |        1127 |               0 | 1117 |      0 |    2 |   8 |  0 |    0 |   0 |       0 | clkdivider/inst/clk_out1 |
| g1        | n/a   | BUFG/O          | None       |           2 |               0 |    0 |      0 |    2 |   0 |  0 |    0 |   0 |       0 | pclk_in_BUFG             |
+-----------+-------+-----------------+------------+-------------+-----------------+------+--------+------+-----+----+------+-----+---------+--------------------------+
* Clock Loads column represents the clock pin loads (pin count)
** Non-Clock Loads column represents the non-clock pin loads (pin count)
*** Columns FF, LUTRAM, RAMB through 'Hard IP' represents load cell counts


11. Clock Region Cell Placement per Global Clock: Region X1Y0
-------------------------------------------------------------

+-----------+-------+-----------------+------------+-------------+-----------------+-----+--------+------+-----+----+------+-----+---------+--------------------------+
| Global Id | Track | Driver Type/Pin | Constraint | Clock Loads | Non-Clock Loads | FF  | LUTRAM | RAMB | DSP | GT | MMCM | PLL | Hard IP | Net                      |
+-----------+-------+-----------------+------------+-------------+-----------------+-----+--------+------+-----+----+------+-----+---------+--------------------------+
| g0        | n/a   | BUFG/O          | None       |         473 |               0 | 462 |      1 |    1 |   9 |  0 |    0 |   0 |       0 | clkdivider/inst/clk_out1 |
| g1        | n/a   | BUFG/O          | None       |           1 |               0 |   0 |      0 |    1 |   0 |  0 |    0 |   0 |       0 | pclk_in_BUFG             |
+-----------+-------+-----------------+------------+-------------+-----------------+-----+--------+------+-----+----+------+-----+---------+--------------------------+
* Clock Loads column represents the clock pin loads (pin count)
** Non-Clock Loads column represents the non-clock pin loads (pin count)
*** Columns FF, LUTRAM, RAMB through 'Hard IP' represents load cell counts


12. Clock Region Cell Placement per Global Clock: Region X0Y1
-------------------------------------------------------------

+-----------+-------+-----------------+------------+-------------+-----------------+------+--------+------+-----+----+------+-----+---------+--------------------------+
| Global Id | Track | Driver Type/Pin | Constraint | Clock Loads | Non-Clock Loads | FF   | LUTRAM | RAMB | DSP | GT | MMCM | PLL | Hard IP | Net                      |
+-----------+-------+-----------------+------------+-------------+-----------------+------+--------+------+-----+----+------+-----+---------+--------------------------+
| g0        | n/a   | BUFG/O          | None       |        2710 |               0 | 2511 |    187 |   10 |   2 |  0 |    0 |   0 |       0 | clkdivider/inst/clk_out1 |
| g1        | n/a   | BUFG/O          | None       |          66 |               0 |   56 |      0 |   10 |   0 |  0 |    0 |   0 |       0 | pclk_in_BUFG             |
+-----------+-------+-----------------+------------+-------------+-----------------+------+--------+------+-----+----+------+-----+---------+--------------------------+
* Clock Loads column represents the clock pin loads (pin count)
** Non-Clock Loads column represents the non-clock pin loads (pin count)
*** Columns FF, LUTRAM, RAMB through 'Hard IP' represents load cell counts


13. Clock Region Cell Placement per Global Clock: Region X1Y1
-------------------------------------------------------------

+-----------+-------+-----------------+------------+-------------+-----------------+------+--------+------+-----+----+------+-----+---------+--------------------------+
| Global Id | Track | Driver Type/Pin | Constraint | Clock Loads | Non-Clock Loads | FF   | LUTRAM | RAMB | DSP | GT | MMCM | PLL | Hard IP | Net                      |
+-----------+-------+-----------------+------------+-------------+-----------------+------+--------+------+-----+----+------+-----+---------+--------------------------+
| g0        | n/a   | BUFG/O          | None       |        1900 |               0 | 1667 |    211 |   19 |   0 |  0 |    0 |   0 |       0 | clkdivider/inst/clk_out1 |
| g1        | n/a   | BUFG/O          | None       |          14 |               0 |    1 |      0 |   12 |   0 |  0 |    0 |   0 |       0 | pclk_in_BUFG             |
| g2        | n/a   | BUFG/O          | None       |          27 |               0 |    0 |      0 |    0 |   0 |  0 |    0 |   0 |       0 | n_0_10281_BUFG           |
+-----------+-------+-----------------+------------+-------------+-----------------+------+--------+------+-----+----+------+-----+---------+--------------------------+
* Clock Loads column represents the clock pin loads (pin count)
** Non-Clock Loads column represents the non-clock pin loads (pin count)
*** Columns FF, LUTRAM, RAMB through 'Hard IP' represents load cell counts


14. Clock Region Cell Placement per Global Clock: Region X0Y2
-------------------------------------------------------------

+-----------+-------+-----------------+------------+-------------+-----------------+-----+--------+------+-----+----+------+-----+---------+--------------------------+
| Global Id | Track | Driver Type/Pin | Constraint | Clock Loads | Non-Clock Loads | FF  | LUTRAM | RAMB | DSP | GT | MMCM | PLL | Hard IP | Net                      |
+-----------+-------+-----------------+------------+-------------+-----------------+-----+--------+------+-----+----+------+-----+---------+--------------------------+
| g0        | n/a   | BUFG/O          | None       |         807 |               1 | 806 |      0 |    1 |   0 |  0 |    0 |   0 |       0 | clkdivider/inst/clk_out1 |
| g1        | n/a   | BUFG/O          | None       |           1 |               0 |   0 |      0 |    1 |   0 |  0 |    0 |   0 |       0 | pclk_in_BUFG             |
+-----------+-------+-----------------+------------+-------------+-----------------+-----+--------+------+-----+----+------+-----+---------+--------------------------+
* Clock Loads column represents the clock pin loads (pin count)
** Non-Clock Loads column represents the non-clock pin loads (pin count)
*** Columns FF, LUTRAM, RAMB through 'Hard IP' represents load cell counts


15. Clock Region Cell Placement per Global Clock: Region X1Y2
-------------------------------------------------------------

+-----------+-------+-----------------+------------+-------------+-----------------+-----+--------+------+-----+----+------+-----+---------+----------------------------------------+
| Global Id | Track | Driver Type/Pin | Constraint | Clock Loads | Non-Clock Loads | FF  | LUTRAM | RAMB | DSP | GT | MMCM | PLL | Hard IP | Net                                    |
+-----------+-------+-----------------+------------+-------------+-----------------+-----+--------+------+-----+----+------+-----+---------+----------------------------------------+
| g0        | n/a   | BUFG/O          | None       |         301 |               1 | 290 |      0 |   10 |   0 |  0 |    0 |   0 |       0 | clkdivider/inst/clk_out1               |
| g2        | n/a   | BUFG/O          | None       |           7 |               0 |   0 |      0 |    0 |   0 |  0 |    0 |   0 |       0 | n_0_10281_BUFG                         |
| g3        | n/a   | BUFG/O          | None       |           1 |               0 |   0 |      0 |    0 |   0 |  0 |    1 |   0 |       0 | clkdivider/inst/clkfbout_buf_clk_wiz_0 |
+-----------+-------+-----------------+------------+-------------+-----------------+-----+--------+------+-----+----+------+-----+---------+----------------------------------------+
* Clock Loads column represents the clock pin loads (pin count)
** Non-Clock Loads column represents the non-clock pin loads (pin count)
*** Columns FF, LUTRAM, RAMB through 'Hard IP' represents load cell counts



# Location of BUFG Primitives 
set_property LOC BUFGCTRL_X0Y0 [get_cells pclk_in_BUFG_inst]
set_property LOC BUFGCTRL_X0Y1 [get_cells n_0_10281_BUFG_inst]
set_property LOC BUFGCTRL_X0Y17 [get_cells clkdivider/inst/clkf_buf]
set_property LOC BUFGCTRL_X0Y16 [get_cells clkdivider/inst/clkout1_buf]

# Location of IO Primitives which is load of clock spine
set_property LOC IOB_X1Y109 [get_cells jdclk_OBUF_inst]
set_property LOC IOB_X0Y120 [get_cells jbclk_OBUF_inst]

# Location of clock ports
set_property LOC IOB_X1Y126 [get_ports clk_100mhz]

# Clock net "pclk_in_BUFG" driven by instance "pclk_in_BUFG_inst" located at site "BUFGCTRL_X0Y0"
#startgroup
create_pblock {CLKAG_pclk_in_BUFG}
add_cells_to_pblock [get_pblocks  {CLKAG_pclk_in_BUFG}] [get_cells -filter { PRIMITIVE_GROUP != I/O && IS_PRIMITIVE==1 && PRIMITIVE_LEVEL !=INTERNAL } -of_object [get_pins -filter {DIRECTION==IN} -of_objects [get_nets -hierarchical -filter {PARENT=="pclk_in_BUFG"}]]]
resize_pblock [get_pblocks {CLKAG_pclk_in_BUFG}] -add {CLOCKREGION_X0Y0:CLOCKREGION_X0Y0 CLOCKREGION_X0Y1:CLOCKREGION_X0Y1 CLOCKREGION_X0Y2:CLOCKREGION_X0Y2 CLOCKREGION_X1Y0:CLOCKREGION_X1Y0 CLOCKREGION_X1Y1:CLOCKREGION_X1Y1}
#endgroup

# Clock net "n_0_10281_BUFG" driven by instance "n_0_10281_BUFG_inst" located at site "BUFGCTRL_X0Y1"
#startgroup
create_pblock {CLKAG_n_0_10281_BUFG}
add_cells_to_pblock [get_pblocks  {CLKAG_n_0_10281_BUFG}] [get_cells -filter { PRIMITIVE_GROUP != I/O && IS_PRIMITIVE==1 && PRIMITIVE_LEVEL !=INTERNAL } -of_object [get_pins -filter {DIRECTION==IN} -of_objects [get_nets -hierarchical -filter {PARENT=="n_0_10281_BUFG"}]]]
resize_pblock [get_pblocks {CLKAG_n_0_10281_BUFG}] -add {CLOCKREGION_X1Y1:CLOCKREGION_X1Y1 CLOCKREGION_X1Y2:CLOCKREGION_X1Y2}
#endgroup

# Clock net "clkdivider/inst/clk_out1" driven by instance "clkdivider/inst/clkout1_buf" located at site "BUFGCTRL_X0Y16"
#startgroup
create_pblock {CLKAG_clkdivider/inst/clk_out1}
add_cells_to_pblock [get_pblocks  {CLKAG_clkdivider/inst/clk_out1}] [get_cells -filter { PRIMITIVE_GROUP != I/O && IS_PRIMITIVE==1 && PRIMITIVE_LEVEL !=INTERNAL && NAME!=jdclk_OBUF_inst && NAME!=jbclk_OBUF_inst} -of_object [get_pins -filter {DIRECTION==IN} -of_objects [get_nets -hierarchical -filter {PARENT=="clkdivider/inst/clk_out1"}]]]
resize_pblock [get_pblocks {CLKAG_clkdivider/inst/clk_out1}] -add {CLOCKREGION_X0Y0:CLOCKREGION_X0Y0 CLOCKREGION_X0Y1:CLOCKREGION_X0Y1 CLOCKREGION_X0Y2:CLOCKREGION_X0Y2 CLOCKREGION_X1Y0:CLOCKREGION_X1Y0 CLOCKREGION_X1Y1:CLOCKREGION_X1Y1 CLOCKREGION_X1Y2:CLOCKREGION_X1Y2}
#endgroup
